20:07:19 16.11.2017: checking signals...
20:07:19 16.11.2017: start sleep until 20:07:24
20:07:23 16.11.2017: slept for 5 seconds, now checking exitFlag
20:07:23 16.11.2017: checking signals...
20:07:23 16.11.2017: start sleep until 20:07:28
20:07:27 16.11.2017: slept for 5 seconds, now checking exitFlag
20:07:27 16.11.2017: checking signals...
20:07:27 16.11.2017: start sleep until 20:07:32
20:07:31 16.11.2017: slept for 5 seconds, now checking exitFlag
20:07:31 16.11.2017: checking signals...
20:07:31 16.11.2017: start sleep until 20:07:36
20:07:35 16.11.2017: slept for 5 seconds, now checking exitFlag
20:07:35 16.11.2017: checking signals...
20:07:35 16.11.2017: start sleep until 20:07:40
20:07:39 16.11.2017: slept for 5 seconds, now checking exitFlag
20:07:39 16.11.2017: checking signals...
20:07:39 16.11.2017: start sleep until 20:07:44
20:07:43 16.11.2017: slept for 5 seconds, now checking exitFlag
20:07:43 16.11.2017: checking signals...
20:07:43 16.11.2017: start sleep until 20:07:48
20:07:47 16.11.2017: slept for 5 seconds, now checking exitFlag
20:07:47 16.11.2017: checking signals...
20:07:47 16.11.2017: start sleep until 20:07:52
20:07:52 16.11.2017: slept for 5 seconds, now checking exitFlag
20:07:52 16.11.2017: checking signals...
20:07:52 16.11.2017: start sleep until 20:07:57
20:07:56 16.11.2017: slept for 5 seconds, now checking exitFlag
20:07:56 16.11.2017: checking signals...
20:07:56 16.11.2017: start sleep until 20:08:01
20:08:00 16.11.2017: slept for 5 seconds, now checking exitFlag
20:08:00 16.11.2017: checking signals...
20:08:00 16.11.2017: start sleep until 20:08:05
20:08:04 16.11.2017: slept for 5 seconds, now checking exitFlag
20:08:04 16.11.2017: checking signals...
20:08:04 16.11.2017: start sleep until 20:08:09
20:08:08 16.11.2017: slept for 5 seconds, now checking exitFlag
20:08:08 16.11.2017: checking signals...
20:08:08 16.11.2017: start sleep until 20:08:13
20:08:12 16.11.2017: slept for 5 seconds, now checking exitFlag
20:08:12 16.11.2017: checking signals...
20:08:12 16.11.2017: start sleep until 20:08:17
20:08:16 16.11.2017: slept for 5 seconds, now checking exitFlag
20:08:16 16.11.2017: checking signals...
20:08:16 16.11.2017: start sleep until 20:08:21
20:08:20 16.11.2017: slept for 5 seconds, now checking exitFlag
20:08:20 16.11.2017: checking signals...
20:08:21 16.11.2017: start sleep until 20:08:26
20:08:25 16.11.2017: slept for 5 seconds, now checking exitFlag
20:08:26 16.11.2017: checking signals...
20:08:26 16.11.2017: start sleep until 20:08:31
20:08:31 16.11.2017: slept for 5 seconds, now checking exitFlag
20:08:31 16.11.2017: checking signals...
20:08:31 16.11.2017: start sleep until 20:08:36
20:08:35 16.11.2017: slept for 5 seconds, now checking exitFlag
20:08:35 16.11.2017: checking signals...
20:08:36 16.11.2017: start sleep until 20:08:41
20:08:41 16.11.2017: slept for 5 seconds, now checking exitFlag
20:08:41 16.11.2017: checking signals...
20:08:41 16.11.2017: SIGTERM, setting exitFlag to TRUE
20:08:41 16.11.2017: start sleep until 20:08:46
20:08:45 16.11.2017: slept for 5 seconds, now checking exitFlag
20:08:45 16.11.2017: exiting...
